2021-08-31 16:06:37.844 [main] INFO  com.gh.DemoApplication - Starting DemoApplication using Java 1.8.0_152 on LAPTOP-6RD0GU48 with PID 15736 (C:\Users\房艺伟\Desktop\demo\target\classes started by 房艺伟 in C:\Users\房艺伟\Desktop\demo)
2021-08-31 16:06:37.846 [main] DEBUG com.gh.DemoApplication - Running with Spring Boot v2.5.4, Spring v5.3.9
2021-08-31 16:06:37.847 [main] INFO  com.gh.DemoApplication - No active profile set, falling back to default profiles: default
2021-08-31 16:06:39.814 [main] INFO  com.gh.DemoApplication - Started DemoApplication in 2.31 seconds (JVM running for 3.235)
2021-08-31 16:09:01.988 [main] INFO  com.gh.DemoApplication - Starting DemoApplication using Java 1.8.0_152 on LAPTOP-6RD0GU48 with PID 9480 (C:\Users\房艺伟\Desktop\demo\target\classes started by 房艺伟 in C:\Users\房艺伟\Desktop\demo)
2021-08-31 16:09:01.990 [main] DEBUG com.gh.DemoApplication - Running with Spring Boot v2.5.4, Spring v5.3.9
2021-08-31 16:09:01.991 [main] INFO  com.gh.DemoApplication - No active profile set, falling back to default profiles: default
2021-08-31 16:09:03.978 [main] INFO  com.gh.DemoApplication - Started DemoApplication in 2.359 seconds (JVM running for 3.269)
2021-08-31 16:09:14.384 [main] INFO  com.gh.DemoApplication - Starting DemoApplication using Java 1.8.0_152 on LAPTOP-6RD0GU48 with PID 1728 (C:\Users\房艺伟\Desktop\demo\target\classes started by 房艺伟 in C:\Users\房艺伟\Desktop\demo)
2021-08-31 16:09:14.387 [main] DEBUG com.gh.DemoApplication - Running with Spring Boot v2.5.4, Spring v5.3.9
2021-08-31 16:09:14.387 [main] INFO  com.gh.DemoApplication - No active profile set, falling back to default profiles: default
2021-08-31 16:09:16.475 [main] INFO  com.gh.DemoApplication - Started DemoApplication in 2.449 seconds (JVM running for 3.289)
2021-08-31 16:17:30.522 [main] INFO  com.gh.DemoApplication - Starting DemoApplication using Java 1.8.0_152 on LAPTOP-6RD0GU48 with PID 12888 (C:\Users\房艺伟\Desktop\demo\target\classes started by 房艺伟 in C:\Users\房艺伟\Desktop\demo)
2021-08-31 16:17:30.524 [main] DEBUG com.gh.DemoApplication - Running with Spring Boot v2.5.4, Spring v5.3.9
2021-08-31 16:17:30.524 [main] INFO  com.gh.DemoApplication - No active profile set, falling back to default profiles: default
2021-08-31 16:17:32.622 [main] INFO  com.gh.DemoApplication - Started DemoApplication in 2.436 seconds (JVM running for 3.41)
2021-08-31 16:22:01.529 [main] INFO  com.gh.DemoApplication - Starting DemoApplication using Java 1.8.0_152 on LAPTOP-6RD0GU48 with PID 8508 (C:\Users\房艺伟\Desktop\demo\target\classes started by 房艺伟 in C:\Users\房艺伟\Desktop\demo)
2021-08-31 16:22:01.531 [main] DEBUG com.gh.DemoApplication - Running with Spring Boot v2.5.4, Spring v5.3.9
2021-08-31 16:22:01.531 [main] INFO  com.gh.DemoApplication - No active profile set, falling back to default profiles: default
2021-08-31 16:22:03.530 [main] INFO  com.gh.DemoApplication - Started DemoApplication in 2.378 seconds (JVM running for 3.345)
2021-08-31 16:23:03.371 [main] INFO  com.gh.DemoApplication - Starting DemoApplication using Java 1.8.0_152 on LAPTOP-6RD0GU48 with PID 4616 (C:\Users\房艺伟\Desktop\demo\target\classes started by 房艺伟 in C:\Users\房艺伟\Desktop\demo)
2021-08-31 16:23:03.373 [main] DEBUG com.gh.DemoApplication - Running with Spring Boot v2.5.4, Spring v5.3.9
2021-08-31 16:23:03.373 [main] INFO  com.gh.DemoApplication - No active profile set, falling back to default profiles: default
2021-08-31 16:23:05.328 [main] INFO  com.gh.DemoApplication - Started DemoApplication in 2.299 seconds (JVM running for 3.18)
2021-08-31 16:27:12.263 [main] INFO  com.gh.DemoApplication - Starting DemoApplication using Java 1.8.0_152 on LAPTOP-6RD0GU48 with PID 13572 (C:\Users\房艺伟\Desktop\demo\target\classes started by 房艺伟 in C:\Users\房艺伟\Desktop\demo)
2021-08-31 16:27:12.267 [main] DEBUG com.gh.DemoApplication - Running with Spring Boot v2.5.4, Spring v5.3.9
2021-08-31 16:27:12.267 [main] INFO  com.gh.DemoApplication - No active profile set, falling back to default profiles: default
2021-08-31 16:27:14.249 [main] INFO  com.gh.DemoApplication - Started DemoApplication in 2.341 seconds (JVM running for 3.195)
2021-08-31 16:28:26.478 [main] INFO  com.gh.DemoApplication - Starting DemoApplication using Java 1.8.0_152 on LAPTOP-6RD0GU48 with PID 11028 (C:\Users\房艺伟\Desktop\demo\target\classes started by 房艺伟 in C:\Users\房艺伟\Desktop\demo)
2021-08-31 16:28:26.480 [main] DEBUG com.gh.DemoApplication - Running with Spring Boot v2.5.4, Spring v5.3.9
2021-08-31 16:28:26.481 [main] INFO  com.gh.DemoApplication - No active profile set, falling back to default profiles: default
2021-08-31 16:28:28.605 [main] INFO  com.gh.DemoApplication - Started DemoApplication in 2.536 seconds (JVM running for 3.528)
2021-08-31 16:30:21.901 [main] INFO  com.gh.DemoApplication - Starting DemoApplication using Java 1.8.0_152 on LAPTOP-6RD0GU48 with PID 19356 (C:\Users\房艺伟\Desktop\demo\target\classes started by 房艺伟 in C:\Users\房艺伟\Desktop\demo)
2021-08-31 16:30:21.903 [main] DEBUG com.gh.DemoApplication - Running with Spring Boot v2.5.4, Spring v5.3.9
2021-08-31 16:30:21.903 [main] INFO  com.gh.DemoApplication - No active profile set, falling back to default profiles: default
2021-08-31 16:30:41.516 [main] INFO  com.gh.DemoApplication - Starting DemoApplication using Java 1.8.0_152 on LAPTOP-6RD0GU48 with PID 5812 (C:\Users\房艺伟\Desktop\demo\target\classes started by 房艺伟 in C:\Users\房艺伟\Desktop\demo)
2021-08-31 16:30:41.518 [main] DEBUG com.gh.DemoApplication - Running with Spring Boot v2.5.4, Spring v5.3.9
2021-08-31 16:30:41.518 [main] INFO  com.gh.DemoApplication - No active profile set, falling back to default profiles: default
2021-08-31 16:31:21.198 [main] INFO  com.gh.DemoApplication - Starting DemoApplication using Java 1.8.0_152 on LAPTOP-6RD0GU48 with PID 12808 (C:\Users\房艺伟\Desktop\demo\target\classes started by 房艺伟 in C:\Users\房艺伟\Desktop\demo)
2021-08-31 16:31:21.200 [main] DEBUG com.gh.DemoApplication - Running with Spring Boot v2.5.4, Spring v5.3.9
2021-08-31 16:31:21.200 [main] INFO  com.gh.DemoApplication - No active profile set, falling back to default profiles: default
2021-08-31 16:32:51.034 [main] INFO  com.gh.DemoApplication - Starting DemoApplication using Java 1.8.0_152 on LAPTOP-6RD0GU48 with PID 15296 (C:\Users\房艺伟\Desktop\demo\target\classes started by 房艺伟 in C:\Users\房艺伟\Desktop\demo)
2021-08-31 16:32:51.035 [main] DEBUG com.gh.DemoApplication - Running with Spring Boot v2.5.4, Spring v5.3.9
2021-08-31 16:32:51.036 [main] INFO  com.gh.DemoApplication - No active profile set, falling back to default profiles: default
2021-08-31 16:38:02.252 [main] INFO  com.gh.DemoApplication - Starting DemoApplication using Java 1.8.0_152 on LAPTOP-6RD0GU48 with PID 19372 (C:\Users\房艺伟\Desktop\demo\target\classes started by 房艺伟 in C:\Users\房艺伟\Desktop\demo)
2021-08-31 16:38:02.254 [main] DEBUG com.gh.DemoApplication - Running with Spring Boot v2.5.4, Spring v5.3.9
2021-08-31 16:38:02.254 [main] INFO  com.gh.DemoApplication - No active profile set, falling back to default profiles: default
2021-08-31 16:39:49.432 [main] INFO  com.gh.DemoApplication - Starting DemoApplication using Java 1.8.0_152 on LAPTOP-6RD0GU48 with PID 8616 (C:\Users\房艺伟\Desktop\demo\target\classes started by 房艺伟 in C:\Users\房艺伟\Desktop\demo)
2021-08-31 16:39:49.435 [main] DEBUG com.gh.DemoApplication - Running with Spring Boot v2.5.4, Spring v5.3.9
2021-08-31 16:39:49.435 [main] INFO  com.gh.DemoApplication - No active profile set, falling back to default profiles: default
2021-08-31 16:40:39.059 [main] INFO  com.gh.DemoApplication - Starting DemoApplication using Java 1.8.0_152 on LAPTOP-6RD0GU48 with PID 10768 (C:\Users\房艺伟\Desktop\demo\target\classes started by 房艺伟 in C:\Users\房艺伟\Desktop\demo)
2021-08-31 16:40:39.061 [main] DEBUG com.gh.DemoApplication - Running with Spring Boot v2.5.4, Spring v5.3.9
2021-08-31 16:40:39.061 [main] INFO  com.gh.DemoApplication - No active profile set, falling back to default profiles: default
2021-08-31 16:41:54.830 [main] INFO  com.gh.DemoApplication - Starting DemoApplication using Java 1.8.0_152 on LAPTOP-6RD0GU48 with PID 17140 (C:\Users\房艺伟\Desktop\demo\target\classes started by 房艺伟 in C:\Users\房艺伟\Desktop\demo)
2021-08-31 16:41:54.831 [main] DEBUG com.gh.DemoApplication - Running with Spring Boot v2.5.4, Spring v5.3.9
2021-08-31 16:41:54.832 [main] INFO  com.gh.DemoApplication - No active profile set, falling back to default profiles: default
2021-08-31 16:42:35.196 [main] INFO  com.gh.DemoApplication - Starting DemoApplication using Java 1.8.0_152 on LAPTOP-6RD0GU48 with PID 14128 (C:\Users\房艺伟\Desktop\demo\target\classes started by 房艺伟 in C:\Users\房艺伟\Desktop\demo)
2021-08-31 16:42:35.198 [main] DEBUG com.gh.DemoApplication - Running with Spring Boot v2.5.4, Spring v5.3.9
2021-08-31 16:42:35.198 [main] INFO  com.gh.DemoApplication - No active profile set, falling back to default profiles: default
2021-08-31 16:43:18.265 [main] INFO  com.gh.DemoApplication - Starting DemoApplication using Java 1.8.0_152 on LAPTOP-6RD0GU48 with PID 12552 (C:\Users\房艺伟\Desktop\demo\target\classes started by 房艺伟 in C:\Users\房艺伟\Desktop\demo)
2021-08-31 16:43:18.267 [main] DEBUG com.gh.DemoApplication - Running with Spring Boot v2.5.4, Spring v5.3.9
2021-08-31 16:43:18.267 [main] INFO  com.gh.DemoApplication - No active profile set, falling back to default profiles: default
2021-08-31 16:47:35.832 [main] INFO  com.gh.DemoApplication - Starting DemoApplication using Java 1.8.0_152 on LAPTOP-6RD0GU48 with PID 9416 (C:\Users\房艺伟\Desktop\demo\target\classes started by 房艺伟 in C:\Users\房艺伟\Desktop\demo)
2021-08-31 16:47:35.835 [main] DEBUG com.gh.DemoApplication - Running with Spring Boot v2.5.4, Spring v5.3.9
2021-08-31 16:47:35.835 [main] INFO  com.gh.DemoApplication - No active profile set, falling back to default profiles: default
2021-08-31 20:02:57.696 [restartedMain] INFO  com.gh.DemoApplication - No active profile set, falling back to default profiles: default
2021-08-31 20:03:01.538 [restartedMain] INFO  com.gh.DemoApplication - Started DemoApplication in 5.586 seconds (JVM running for 6.679)
2021-08-31 20:03:18.816 [restartedMain] INFO  com.gh.DemoApplication - No active profile set, falling back to default profiles: default
2021-08-31 20:03:22.729 [restartedMain] INFO  com.gh.DemoApplication - Started DemoApplication in 5.759 seconds (JVM running for 6.877)
2021-08-31 20:04:46.318 [restartedMain] INFO  com.gh.DemoApplication - No active profile set, falling back to default profiles: default
2021-08-31 20:04:50.432 [restartedMain] INFO  com.gh.DemoApplication - Started DemoApplication in 5.995 seconds (JVM running for 7.302)
2021-08-31 20:06:25.858 [restartedMain] INFO  com.gh.DemoApplication - No active profile set, falling back to default profiles: default
2021-08-31 20:07:13.548 [restartedMain] INFO  com.gh.DemoApplication - No active profile set, falling back to default profiles: default
2021-08-31 20:10:12.442 [restartedMain] INFO  com.gh.DemoApplication - No active profile set, falling back to default profiles: default
2021-08-31 20:11:42.546 [restartedMain] INFO  com.gh.DemoApplication - No active profile set, falling back to default profiles: default
2021-08-31 20:13:53.523 [restartedMain] INFO  com.gh.DemoApplication - No active profile set, falling back to default profiles: default
2021-08-31 20:15:58.882 [restartedMain] INFO  com.gh.DemoApplication - No active profile set, falling back to default profiles: default
2021-08-31 20:17:01.879 [restartedMain] INFO  com.gh.DemoApplication - No active profile set, falling back to default profiles: default
2021-08-31 20:18:56.211 [restartedMain] INFO  com.gh.DemoApplication - No active profile set, falling back to default profiles: default
2021-08-31 20:24:25.538 [restartedMain] INFO  com.gh.DemoApplication - No active profile set, falling back to default profiles: default
2021-08-31 20:28:10.187 [restartedMain] INFO  com.gh.DemoApplication - No active profile set, falling back to default profiles: default
2021-08-31 20:29:24.988 [restartedMain] INFO  com.gh.DemoApplication - No active profile set, falling back to default profiles: default
2021-08-31 20:31:47.298 [restartedMain] INFO  com.gh.DemoApplication - No active profile set, falling back to default profiles: default
2021-08-31 20:36:59.125 [restartedMain] INFO  com.gh.DemoApplication - No active profile set, falling back to default profiles: default
2021-08-31 20:37:16.775 [restartedMain] INFO  com.gh.DemoApplication - No active profile set, falling back to default profiles: default
2021-08-31 20:37:46.535 [restartedMain] INFO  com.gh.DemoApplication - No active profile set, falling back to default profiles: default
